<?xml version="1.0" encoding="UTF-8"?>
<testsuites>
    <testsuite name="force.apex" timestamp="2020-08-25T00:48:02.000Z" hostname="https://na139.salesforce.com" tests="1" failures="0"  errors="0"  time="0.05">
        <properties>
            <property name="failRate" value="0%"/>
            <property name="testsRan" value="1"/>
            <property name="orgId" value="00D4xx00000FH4IEAW"/>
            <property name="outcome" value="Successful"/>
            <property name="passing" value="1"/>
            <property name="failing" value="0"/>
            <property name="skipped" value="0"/>
            <property name="passRate" value="100%"/>
            <property name="testStartTime" value="2020-08-25T00:48:02.000+0000"/>
            <property name="testExecutionTime" value="0.05 s"/>
            <property name="commandTime" value="0.06 s"/>
            <property name="testTotalTime" value="0.05 s"/>
            <property name="hostname" value="https://na139.salesforce.com"/>
            <property name="testRunId" value="707xx0000AUS2gH"/>
            <property name="userId" value="005xx000000uEgSAAU"/>
            <property name="username" value="test@example.com"/>
        </properties>
        <testcase name="testConfig" classname="MyApexTests" time="0.05">
        </testcase>
    </testsuite>
</testsuites>
