<?xml version="1.0" encoding="UTF-8"?>
<testsuites>
    <testsuite name="force.apex" timestamp="123" hostname="123" tests="1" failures="0"  errors="0"  time="0.00">
        <properties>
            <property name="failRate" value="123"/>
            <property name="testsRan" value="1"/>
            <property name="orgId" value="123"/>
            <property name="outcome" value="123"/>
            <property name="passing" value="1"/>
            <property name="failing" value="0"/>
            <property name="skipped" value="0"/>
            <property name="passRate" value="123"/>
            <property name="testStartTime" value="Fri Jan 01 0123 12:00:00 AM"/>
            <property name="testExecutionTime" value="0.00 s"/>
            <property name="testTotalTime" value="0.00 s"/>
            <property name="commandTime" value="0.00 s"/>
            <property name="hostname" value="123"/>
            <property name="username" value="123"/>
            <property name="testRunId" value="123"/>
            <property name="userId" value="123"/>
        </properties>
        <testcase name="method" classname="apexClass" time="0.00">
            <failure message="123"><![CDATA[123]]></failure>
        </testcase>
    </testsuite>
</testsuites>
